#
# A fatal error has been detected by the Java Runtime Environment:
#
#  EXCEPTION_ACCESS_VIOLATION (0xc0000005) at pc=0x0000000002ea3aa6, pid=10068, tid=0x0000000000000bec
#
# JRE version: Java(TM) SE Runtime Environment (8.0_181-b13) (build 1.8.0_181-b13)
# Java VM: Java HotSpot(TM) 64-Bit Server VM (25.181-b13 mixed mode windows-amd64 compressed oops)
# Problematic frame:
# J 248 C1 java.util.LinkedHashMap$LinkedHashIterator.nextNode()Ljava/util/LinkedHashMap$Entry; (54 bytes) @ 0x0000000002ea3aa6 [0x0000000002ea3a40+0x66]
#
# Failed to write core dump. Minidumps are not enabled by default on client versions of Windows
#
# If you would like to submit a bug report, please visit:
#   http://bugreport.java.com/bugreport/crash.jsp
#

---------------  T H R E A D  ---------------

Current thread (0x000000001ba5d000):  JavaThread "File Watcher" daemon [_thread_in_Java, id=3052, stack(0x00000000250b0000,0x00000000251b0000)]

siginfo: ExceptionCode=0xc0000005, reading address 0x00000000a6606350

Registers:
RAX=0x00000000a6606330, RBX=0x00000000173991b8, RCX=0x000000000000006c, RDX=0x00000000e66d42c0
RSP=0x00000000251aee00, RBP=0x00000000251af1c8, RSI=0x00000000007336a1, RDI=0x0000000011cf6000
R8 =0x00000000e6605720, R9 =0x00000000e5b41698, R10=0x00000000a6606330, R11=0x0000000000000208
R12=0x0000000000000000, R13=0x0000000000000061, R14=0x00000000251af0f0, R15=0x000000001ba5d000
RIP=0x0000000002ea3aa6, EFLAGS=0x0000000000010202

Top of Stack: (sp=0x00000000251aee00)
0x00000000251aee00:   00000000251af1c8 0000000002e74d94
0x00000000251aee10:   00000000251af1c8 0000000002e77244
0x00000000251aee20:   00000000251af1c8 0000000002e939f4
0x00000000251aee30:   00000000e65d2360 00000000e65d2330
0x00000000251aee40:   00000000251af1c8 0000000002fae714
0x00000000251aee50:   00000000251af1c8 00000000031a7eec
0x00000000251aee60:   00000000e6605c40 00000000e5b0e2e8
0x00000000251aee70:   00000000251af1c8 0000000002e4e0fc
0x00000000251aee80:   00000000251af1c8 0000000002ee3da4
0x00000000251aee90:   00000000251af1c8 000000000379b924
0x00000000251aeea0:   00000000e66d4298 0000000011cf6000
0x00000000251aeeb0:   0000000000000073 00000000e66d41f8
0x00000000251aeec0:   00000000251af1c8 000000000367a9c4
0x00000000251aeed0:   00000000251af1c8 000000000379b924
0x00000000251aeee0:   00000001000158b8 00000001000158b8
0x00000000251aeef0:   00000000e5b0e2d8 00000000e66d4298 

Instructions: (pc=0x0000000002ea3aa6)
0x0000000002ea3a86:   3a 00 00 00 4c 8b d0 44 89 52 14 48 8b f2 48 c1
0x0000000002ea3a96:   ee 09 48 bf 00 60 cf 11 00 00 00 00 c6 04 3e 00
0x0000000002ea3aa6:   8b 70 20 4c 8b d6 44 89 52 10 48 c1 ea 09 c6 04
0x0000000002ea3ab6:   3a 00 48 83 c4 40 5d 85 05 3d c6 95 fd c3 0f 1f 


Register to memory mapping:

RAX=0x00000000a6606330 is an unallocated location in the heap
RBX={method} {0x00000000173991c0} 'next' '()Ljava/lang/Object;' in 'java/util/LinkedHashMap$LinkedKeyIterator'
RCX=0x000000000000006c is an unknown value
RDX=0x00000000e66d42c0 is an oop
java.util.LinkedHashMap$LinkedKeyIterator 
 - klass: 'java/util/LinkedHashMap$LinkedKeyIterator'
RSP=0x00000000251aee00 is pointing into the stack for thread: 0x000000001ba5d000
RBP=0x00000000251af1c8 is pointing into the stack for thread: 0x000000001ba5d000
RSI=0x00000000007336a1 is an unknown value
RDI=0x0000000011cf6000 is an unknown value
R8 =0x00000000e6605720 is an oop
java.lang.String 
 - klass: 'java/lang/String'
R9 =0x00000000e5b41698 is an oop
java.lang.String 
 - klass: 'java/lang/String'
R10=0x00000000a6606330 is an unallocated location in the heap
R11=0x0000000000000208 is an unknown value
R12=0x0000000000000000 is an unknown value
R13=0x0000000000000061 is an unknown value
R14=0x00000000251af0f0 is pointing into the stack for thread: 0x000000001ba5d000
R15=0x000000001ba5d000 is a thread


Stack: [0x00000000250b0000,0x00000000251b0000],  sp=0x00000000251aee00,  free space=1019k
Native frames: (J=compiled Java code, j=interpreted, Vv=VM code, C=native code)
C  0x0000000002ea3aa6


---------------  P R O C E S S  ---------------

Java Threads: ( => current thread )
  0x00000000199e8800 JavaThread "Druid-ConnectionPool-Destroy-1605628679" daemon [_thread_blocked, id=10436, stack(0x00000000261b0000,0x00000000262b0000)]
  0x00000000199ec800 JavaThread "Druid-ConnectionPool-Create-1605628679" daemon [_thread_blocked, id=10368, stack(0x00000000260b0000,0x00000000261b0000)]
  0x00000000199eb800 JavaThread "http-nio-8081-AsyncTimeout" daemon [_thread_blocked, id=5052, stack(0x0000000025fb0000,0x00000000260b0000)]
  0x00000000199e8000 JavaThread "http-nio-8081-Acceptor-0" daemon [_thread_in_native, id=5888, stack(0x0000000025eb0000,0x0000000025fb0000)]
  0x000000001ba6a800 JavaThread "http-nio-8081-ClientPoller-1" daemon [_thread_in_native, id=7688, stack(0x0000000025db0000,0x0000000025eb0000)]
  0x000000001ba67800 JavaThread "http-nio-8081-ClientPoller-0" daemon [_thread_in_native, id=15208, stack(0x0000000025cb0000,0x0000000025db0000)]
  0x000000001ba68000 JavaThread "http-nio-8081-exec-10" daemon [_thread_blocked, id=4060, stack(0x0000000025bb0000,0x0000000025cb0000)]
  0x000000001ba69800 JavaThread "http-nio-8081-exec-9" daemon [_thread_blocked, id=13696, stack(0x0000000025ab0000,0x0000000025bb0000)]
  0x000000001ba65000 JavaThread "http-nio-8081-exec-8" daemon [_thread_blocked, id=4080, stack(0x00000000259b0000,0x0000000025ab0000)]
  0x000000001ba66800 JavaThread "http-nio-8081-exec-7" daemon [_thread_blocked, id=700, stack(0x00000000258b0000,0x00000000259b0000)]
  0x000000001ba69000 JavaThread "http-nio-8081-exec-6" daemon [_thread_blocked, id=14128, stack(0x00000000257b0000,0x00000000258b0000)]
  0x000000001ba5d800 JavaThread "http-nio-8081-exec-5" daemon [_thread_blocked, id=11632, stack(0x00000000256b0000,0x00000000257b0000)]
  0x000000001ba64800 JavaThread "http-nio-8081-exec-4" daemon [_thread_blocked, id=15964, stack(0x00000000255b0000,0x00000000256b0000)]
  0x000000001ba63800 JavaThread "http-nio-8081-exec-3" daemon [_thread_blocked, id=13628, stack(0x00000000254b0000,0x00000000255b0000)]
  0x000000001ba63000 JavaThread "http-nio-8081-exec-2" daemon [_thread_blocked, id=9324, stack(0x00000000253b0000,0x00000000254b0000)]
  0x000000001ba60800 JavaThread "http-nio-8081-exec-1" daemon [_thread_blocked, id=14744, stack(0x00000000252b0000,0x00000000253b0000)]
  0x000000001ba5f000 JavaThread "NioBlockingSelector.BlockPoller-4" daemon [_thread_in_native, id=15084, stack(0x00000000251b0000,0x00000000252b0000)]
=>0x000000001ba5d000 JavaThread "File Watcher" daemon [_thread_in_Java, id=3052, stack(0x00000000250b0000,0x00000000251b0000)]
  0x000000001ba5c000 JavaThread "container-0" [_thread_blocked, id=11412, stack(0x0000000024fb0000,0x00000000250b0000)]
  0x000000001ba62000 JavaThread "ContainerBackgroundProcessor[StandardEngine[Tomcat]]" daemon [_thread_blocked, id=15516, stack(0x0000000024eb0000,0x0000000024fb0000)]
  0x000000001ba66000 JavaThread "DestroyJavaVM" [_thread_blocked, id=15188, stack(0x00000000028e0000,0x00000000029e0000)]
  0x00000000199ed000 JavaThread "Live Reload Server" daemon [_thread_in_native, id=14440, stack(0x000000001e0e0000,0x000000001e1e0000)]
  0x00000000195e6000 JavaThread "RMI Scheduler(0)" daemon [_thread_blocked, id=14432, stack(0x000000001a400000,0x000000001a500000)]
  0x00000000195b7000 JavaThread "RMI TCP Accept-0" daemon [_thread_in_native, id=15428, stack(0x000000001a100000,0x000000001a200000)]
  0x00000000195ae000 JavaThread "RMI TCP Accept-57623" daemon [_thread_in_native, id=15348, stack(0x000000001a000000,0x000000001a100000)]
  0x00000000195a5000 JavaThread "RMI TCP Accept-0" daemon [_thread_in_native, id=15744, stack(0x0000000019f00000,0x000000001a000000)]
  0x0000000019331800 JavaThread "Service Thread" daemon [_thread_blocked, id=11964, stack(0x0000000019e00000,0x0000000019f00000)]
  0x0000000019326800 JavaThread "C1 CompilerThread2" daemon [_thread_blocked, id=13700, stack(0x0000000019d00000,0x0000000019e00000)]
  0x00000000192c0000 JavaThread "C2 CompilerThread1" daemon [_thread_blocked, id=13792, stack(0x0000000019c00000,0x0000000019d00000)]
  0x000000001926e800 JavaThread "C2 CompilerThread0" daemon [_thread_blocked, id=13896, stack(0x0000000019b00000,0x0000000019c00000)]
  0x00000000192a2000 JavaThread "Monitor Ctrl-Break" daemon [_thread_in_native, id=11060, stack(0x0000000019a00000,0x0000000019b00000)]
  0x00000000178d6800 JavaThread "Attach Listener" daemon [_thread_blocked, id=15120, stack(0x0000000019100000,0x0000000019200000)]
  0x00000000178c5800 JavaThread "Signal Dispatcher" daemon [_thread_blocked, id=15804, stack(0x0000000019000000,0x0000000019100000)]
  0x0000000002b7b000 JavaThread "Finalizer" daemon [_thread_blocked, id=6736, stack(0x0000000018b00000,0x0000000018c00000)]
  0x0000000002b78000 JavaThread "Reference Handler" daemon [_thread_blocked, id=9636, stack(0x0000000018a00000,0x0000000018b00000)]

Other Threads:
  0x0000000017877800 VMThread [stack: 0x0000000018900000,0x0000000018a00000] [id=13716]
  0x00000000195c2000 WatcherThread [stack: 0x000000001a200000,0x000000001a300000] [id=5416]

VM state:not at safepoint (normal execution)

VM Mutex/Monitor currently owned by a thread: None

Heap:
 PSYoungGen      total 360960K, used 288571K [0x00000000d5c00000, 0x00000000eda00000, 0x0000000100000000)
  eden space 343040K, 82% used [0x00000000d5c00000,0x00000000e6f3b4f8,0x00000000eab00000)
  from space 17920K, 37% used [0x00000000ebc00000,0x00000000ec293710,0x00000000ecd80000)
  to   space 17408K, 0% used [0x00000000eab00000,0x00000000eab00000,0x00000000ebc00000)
 ParOldGen       total 96768K, used 33850K [0x0000000081400000, 0x0000000087280000, 0x00000000d5c00000)
  object space 96768K, 34% used [0x0000000081400000,0x000000008350e9e8,0x0000000087280000)
 Metaspace       used 48044K, capacity 49342K, committed 49536K, reserved 1093632K
  class space    used 5896K, capacity 6181K, committed 6272K, reserved 1048576K

Card table byte_map: [0x0000000012100000,0x0000000012500000] byte_map_base: 0x0000000011cf6000

Marking Bits: (ParMarkBitMap*) 0x000000006d122d00
 Begin Bits: [0x0000000012bb0000, 0x0000000014b60000)
 End Bits:   [0x0000000014b60000, 0x0000000016b10000)

Polling page: 0x0000000000800000

CodeCache: size=245760Kb used=19273Kb max_used=19273Kb free=226486Kb
 bounds [0x0000000002d40000, 0x0000000004020000, 0x0000000011d40000]
 total_blobs=9715 nmethods=8957 adapters=669
 compilation: enabled

Compilation events (10 events):
Event: 1391.646 Thread 0x0000000019326800 9067       1       org.springframework.web.servlet.handler.AbstractHandlerMethodMapping$MatchComparator::compare (18 bytes)
Event: 1391.646 Thread 0x0000000019326800 nmethod 9067 0x0000000004011cd0 code [0x0000000004011e40, 0x0000000004011f88]
Event: 1393.296 Thread 0x0000000019326800 9068       1       org.springframework.http.MediaType$2::compareParameters (13 bytes)
Event: 1393.296 Thread 0x0000000019326800 nmethod 9068 0x0000000004012090 code [0x00000000040122a0, 0x0000000004012678]
Event: 1393.298 Thread 0x0000000019326800 9070       1       com.fasterxml.jackson.core.json.UTF8JsonGenerator::_writeNull (44 bytes)
Event: 1393.299 Thread 0x0000000019326800 nmethod 9070 0x0000000004012b90 code [0x0000000004012d00, 0x0000000004012f38]
Event: 1393.300 Thread 0x0000000019326800 9069       1       org.springframework.http.MediaType$2::compareParameters (34 bytes)
Event: 1393.301 Thread 0x0000000019326800 nmethod 9069 0x0000000004012fd0 code [0x0000000004013200, 0x0000000004013678]
Event: 1393.475 Thread 0x0000000019326800 9071   !   1       org.thymeleaf.dom.DocType::extractDocTypeTokens (136 bytes)
Event: 1393.476 Thread 0x0000000019326800 nmethod 9071 0x0000000004013c90 code [0x0000000004013e80, 0x0000000004014558]

GC Heap History (10 events):
Event: 1084.669 GC heap before
{Heap before GC invocations=21 (full 4):
 PSYoungGen      total 335360K, used 2990K [0x00000000d5c00000, 0x00000000ece80000, 0x0000000100000000)
  eden space 317952K, 0% used [0x00000000d5c00000,0x00000000d5c00000,0x00000000e9280000)
  from space 17408K, 17% used [0x00000000e9280000,0x00000000e956b840,0x00000000ea380000)
  to   space 17920K, 0% used [0x00000000ebd00000,0x00000000ebd00000,0x00000000ece80000)
 ParOldGen       total 96768K, used 30312K [0x0000000081400000, 0x0000000087280000, 0x00000000d5c00000)
  object space 96768K, 31% used [0x0000000081400000,0x000000008319a058,0x0000000087280000)
 Metaspace       used 47245K, capacity 48298K, committed 48640K, reserved 1091584K
  class space    used 5791K, capacity 6030K, committed 6144K, reserved 1048576K
Event: 1085.052 GC heap after
Heap after GC invocations=21 (full 4):
 PSYoungGen      total 335360K, used 0K [0x00000000d5c00000, 0x00000000ece80000, 0x0000000100000000)
  eden space 317952K, 0% used [0x00000000d5c00000,0x00000000d5c00000,0x00000000e9280000)
  from space 17408K, 0% used [0x00000000e9280000,0x00000000e9280000,0x00000000ea380000)
  to   space 17920K, 0% used [0x00000000ebd00000,0x00000000ebd00000,0x00000000ece80000)
 ParOldGen       total 96768K, used 32034K [0x0000000081400000, 0x0000000087280000, 0x00000000d5c00000)
  object space 96768K, 33% used [0x0000000081400000,0x0000000083348b18,0x0000000087280000)
 Metaspace       used 47245K, capacity 48298K, committed 48640K, reserved 1091584K
  class space    used 5791K, capacity 6030K, committed 6144K, reserved 1048576K
}
Event: 1140.400 GC heap before
{Heap before GC invocations=22 (full 4):
 PSYoungGen      total 335360K, used 317952K [0x00000000d5c00000, 0x00000000ece80000, 0x0000000100000000)
  eden space 317952K, 100% used [0x00000000d5c00000,0x00000000e9280000,0x00000000e9280000)
  from space 17408K, 0% used [0x00000000e9280000,0x00000000e9280000,0x00000000ea380000)
  to   space 17920K, 0% used [0x00000000ebd00000,0x00000000ebd00000,0x00000000ece80000)
 ParOldGen       total 96768K, used 32034K [0x0000000081400000, 0x0000000087280000, 0x00000000d5c00000)
  object space 96768K, 33% used [0x0000000081400000,0x0000000083348b18,0x0000000087280000)
 Metaspace       used 47674K, capacity 48874K, committed 49152K, reserved 1091584K
  class space    used 5849K, capacity 6114K, committed 6144K, reserved 1048576K
Event: 1140.413 GC heap after
Heap after GC invocations=22 (full 4):
 PSYoungGen      total 358400K, used 6701K [0x00000000d5c00000, 0x00000000ecc80000, 0x0000000100000000)
  eden space 342528K, 0% used [0x00000000d5c00000,0x00000000d5c00000,0x00000000eaa80000)
  from space 15872K, 42% used [0x00000000ebd00000,0x00000000ec38b780,0x00000000ecc80000)
  to   space 17408K, 0% used [0x00000000eaa80000,0x00000000eaa80000,0x00000000ebb80000)
 ParOldGen       total 96768K, used 32042K [0x0000000081400000, 0x0000000087280000, 0x00000000d5c00000)
  object space 96768K, 33% used [0x0000000081400000,0x000000008334ab18,0x0000000087280000)
 Metaspace       used 47674K, capacity 48874K, committed 49152K, reserved 1091584K
  class space    used 5849K, capacity 6114K, committed 6144K, reserved 1048576K
}
Event: 1172.750 GC heap before
{Heap before GC invocations=23 (full 4):
 PSYoungGen      total 358400K, used 57550K [0x00000000d5c00000, 0x00000000ecc80000, 0x0000000100000000)
  eden space 342528K, 14% used [0x00000000d5c00000,0x00000000d8da8228,0x00000000eaa80000)
  from space 15872K, 42% used [0x00000000ebd00000,0x00000000ec38b780,0x00000000ecc80000)
  to   space 17408K, 0% used [0x00000000eaa80000,0x00000000eaa80000,0x00000000ebb80000)
 ParOldGen       total 96768K, used 32042K [0x0000000081400000, 0x0000000087280000, 0x00000000d5c00000)
  object space 96768K, 33% used [0x0000000081400000,0x000000008334ab18,0x0000000087280000)
 Metaspace       used 47676K, capacity 48880K, committed 49152K, reserved 1091584K
  class space    used 5849K, capacity 6116K, committed 6144K, reserved 1048576K
Event: 1172.755 GC heap after
Heap after GC invocations=23 (full 4):
 PSYoungGen      total 359936K, used 2974K [0x00000000d5c00000, 0x00000000ecd80000, 0x0000000100000000)
  eden space 342528K, 0% used [0x00000000d5c00000,0x00000000d5c00000,0x00000000eaa80000)
  from space 17408K, 17% used [0x00000000eaa80000,0x00000000ead67850,0x00000000ebb80000)
  to   space 17920K, 0% used [0x00000000ebc00000,0x00000000ebc00000,0x00000000ecd80000)
 ParOldGen       total 96768K, used 32050K [0x0000000081400000, 0x0000000087280000, 0x00000000d5c00000)
  object space 96768K, 33% used [0x0000000081400000,0x000000008334cb18,0x0000000087280000)
 Metaspace       used 47676K, capacity 48880K, committed 49152K, reserved 1091584K
  class space    used 5849K, capacity 6116K, committed 6144K, reserved 1048576K
}
Event: 1172.755 GC heap before
{Heap before GC invocations=24 (full 5):
 PSYoungGen      total 359936K, used 2974K [0x00000000d5c00000, 0x00000000ecd80000, 0x0000000100000000)
  eden space 342528K, 0% used [0x00000000d5c00000,0x00000000d5c00000,0x00000000eaa80000)
  from space 17408K, 17% used [0x00000000eaa80000,0x00000000ead67850,0x00000000ebb80000)
  to   space 17920K, 0% used [0x00000000ebc00000,0x00000000ebc00000,0x00000000ecd80000)
 ParOldGen       total 96768K, used 32050K [0x0000000081400000, 0x0000000087280000, 0x00000000d5c00000)
  object space 96768K, 33% used [0x0000000081400000,0x000000008334cb18,0x0000000087280000)
 Metaspace       used 47676K, capacity 48880K, committed 49152K, reserved 1091584K
  class space    used 5849K, capacity 6116K, committed 6144K, reserved 1048576K
Event: 1173.063 GC heap after
Heap after GC invocations=24 (full 5):
 PSYoungGen      total 359936K, used 0K [0x00000000d5c00000, 0x00000000ecd80000, 0x0000000100000000)
  eden space 342528K, 0% used [0x00000000d5c00000,0x00000000d5c00000,0x00000000eaa80000)
  from space 17408K, 0% used [0x00000000eaa80000,0x00000000eaa80000,0x00000000ebb80000)
  to   space 17920K, 0% used [0x00000000ebc00000,0x00000000ebc00000,0x00000000ecd80000)
 ParOldGen       total 96768K, used 33842K [0x0000000081400000, 0x0000000087280000, 0x00000000d5c00000)
  object space 96768K, 34% used [0x0000000081400000,0x000000008350c9e8,0x0000000087280000)
 Metaspace       used 47676K, capacity 48880K, committed 49152K, reserved 1091584K
  class space    used 5849K, capacity 6116K, committed 6144K, reserved 1048576K
}
Event: 1257.247 GC heap before
{Heap before GC invocations=25 (full 5):
 PSYoungGen      total 359936K, used 342528K [0x00000000d5c00000, 0x00000000ecd80000, 0x0000000100000000)
  eden space 342528K, 100% used [0x00000000d5c00000,0x00000000eaa80000,0x00000000eaa80000)
  from space 17408K, 0% used [0x00000000eaa80000,0x00000000eaa80000,0x00000000ebb80000)
  to   space 17920K, 0% used [0x00000000ebc00000,0x00000000ebc00000,0x00000000ecd80000)
 ParOldGen       total 96768K, used 33842K [0x0000000081400000, 0x0000000087280000, 0x00000000d5c00000)
  object space 96768K, 34% used [0x0000000081400000,0x000000008350c9e8,0x0000000087280000)
 Metaspace       used 48003K, capacity 49258K, committed 49536K, reserved 1093632K
  class space    used 5888K, capacity 6167K, committed 6272K, reserved 1048576K
Event: 1257.257 GC heap after
Heap after GC invocations=25 (full 5):
 PSYoungGen      total 360960K, used 6733K [0x00000000d5c00000, 0x00000000eda00000, 0x0000000100000000)
  eden space 343040K, 0% used [0x00000000d5c00000,0x00000000d5c00000,0x00000000eab00000)
  from space 17920K, 37% used [0x00000000ebc00000,0x00000000ec293710,0x00000000ecd80000)
  to   space 17408K, 0% used [0x00000000eab00000,0x00000000eab00000,0x00000000ebc00000)
 ParOldGen       total 96768K, used 33850K [0x0000000081400000, 0x0000000087280000, 0x00000000d5c00000)
  object space 96768K, 34% used [0x0000000081400000,0x000000008350e9e8,0x0000000087280000)
 Metaspace       used 48003K, capacity 49258K, committed 49536K, reserved 1093632K
  class space    used 5888K, capacity 6167K, committed 6272K, reserved 1048576K
}

Deoptimization events (0 events):
No events

Classes redefined (0 events):
No events

Internal exceptions (10 events):
Event: 1176.372 Thread 0x000000001ba5e800 Exception <a 'java/lang/ArrayIndexOutOfBoundsException'> (0x00000000e2455310) thrown at [C:\re\workspace\8-2-build-windows-amd64-cygwin\jdk8u181\11358\hotspot\src\share\vm\runtime\sharedRuntime.cpp, line 605]
Event: 1176.373 Thread 0x000000001ba5e800 Exception <a 'java/lang/ArrayIndexOutOfBoundsException'> (0x00000000e24811a8) thrown at [C:\re\workspace\8-2-build-windows-amd64-cygwin\jdk8u181\11358\hotspot\src\share\vm\runtime\sharedRuntime.cpp, line 605]
Event: 1176.373 Thread 0x000000001ba5e800 Exception <a 'java/lang/ArrayIndexOutOfBoundsException'> (0x00000000e2494640) thrown at [C:\re\workspace\8-2-build-windows-amd64-cygwin\jdk8u181\11358\hotspot\src\share\vm\runtime\sharedRuntime.cpp, line 605]
Event: 1176.389 Thread 0x000000001ba5e800 Exception <a 'java/lang/ArrayIndexOutOfBoundsException'> (0x00000000e287f698) thrown at [C:\re\workspace\8-2-build-windows-amd64-cygwin\jdk8u181\11358\hotspot\src\share\vm\runtime\sharedRuntime.cpp, line 605]
Event: 1176.389 Thread 0x000000001ba5e800 Exception <a 'java/lang/ArrayIndexOutOfBoundsException'> (0x00000000e2881f80) thrown at [C:\re\workspace\8-2-build-windows-amd64-cygwin\jdk8u181\11358\hotspot\src\share\vm\runtime\sharedRuntime.cpp, line 605]
Event: 1178.882 Thread 0x000000001ba69800 Exception <a 'java/lang/ArrayIndexOutOfBoundsException'> (0x00000000e3285868) thrown at [C:\re\workspace\8-2-build-windows-amd64-cygwin\jdk8u181\11358\hotspot\src\share\vm\runtime\sharedRuntime.cpp, line 605]
Event: 1178.883 Thread 0x000000001ba69800 Exception <a 'java/lang/ArrayIndexOutOfBoundsException'> (0x00000000e328b7e0) thrown at [C:\re\workspace\8-2-build-windows-amd64-cygwin\jdk8u181\11358\hotspot\src\share\vm\runtime\sharedRuntime.cpp, line 605]
Event: 1179.924 Thread 0x000000001ba60800 Exception <a 'java/lang/ArrayIndexOutOfBoundsException'> (0x00000000e38a8ef0) thrown at [C:\re\workspace\8-2-build-windows-amd64-cygwin\jdk8u181\11358\hotspot\src\share\vm\runtime\sharedRuntime.cpp, line 605]
Event: 1179.993 Thread 0x000000001ba60800 Exception <a 'java/lang/ArrayIndexOutOfBoundsException'> (0x00000000e4586368) thrown at [C:\re\workspace\8-2-build-windows-amd64-cygwin\jdk8u181\11358\hotspot\src\share\vm\runtime\sharedRuntime.cpp, line 605]
Event: 1180.044 Thread 0x000000001ba60800 Exception <a 'java/lang/ArrayIndexOutOfBoundsException'> (0x00000000e45aea10) thrown at [C:\re\workspace\8-2-build-windows-amd64-cygwin\jdk8u181\11358\hotspot\src\share\vm\runtime\sharedRuntime.cpp, line 605]

Events (10 events):
Event: 1392.395 loading class org/zeroturnaround/javarebel$Integration
Event: 1392.395 loading class org/zeroturnaround/javarebel$Integration done
Event: 1392.395 loading class org/zeroturnaround/javarebel/ReloaderFactory
Event: 1392.395 loading class org/zeroturnaround/javarebel/ReloaderFactory done
Event: 1392.398 loading class org/zeroturnaround/javarebel$ReloaderFactory
Event: 1392.398 loading class org/zeroturnaround/javarebel$ReloaderFactory done
Event: 1392.399 loading class org/hotswap/agent/HotswapAgent
Event: 1392.399 loading class org/hotswap/agent/HotswapAgent done
Event: 1392.401 loading class org/hotswap/agent$HotswapAgent
Event: 1392.401 loading class org/hotswap/agent$HotswapAgent done


Dynamic libraries:
0x00007ff6258e0000 - 0x00007ff625917000 	E:\JDK1.8\bin\java.exe
0x00007ffe232f0000 - 0x00007ffe234c0000 	C:\Windows\SYSTEM32\ntdll.dll
0x00007ffe21390000 - 0x00007ffe2143c000 	C:\Windows\System32\KERNEL32.DLL
0x00007ffe1ff00000 - 0x00007ffe2011d000 	C:\Windows\System32\KERNELBASE.dll
0x00007ffe21600000 - 0x00007ffe216a2000 	C:\Windows\System32\ADVAPI32.dll
0x00007ffe21440000 - 0x00007ffe214de000 	C:\Windows\System32\msvcrt.dll
0x00007ffe21060000 - 0x00007ffe210b9000 	C:\Windows\System32\sechost.dll
0x00007ffe23060000 - 0x00007ffe23181000 	C:\Windows\System32\RPCRT4.dll
0x00007ffe21160000 - 0x00007ffe212c5000 	C:\Windows\System32\USER32.dll
0x00007ffe1fe70000 - 0x00007ffe1fe8e000 	C:\Windows\System32\win32u.dll
0x00007ffe20e00000 - 0x00007ffe20e34000 	C:\Windows\System32\GDI32.dll
0x00007ffe1fce0000 - 0x00007ffe1fe61000 	C:\Windows\System32\gdi32full.dll
0x00007ffe12750000 - 0x00007ffe129ca000 	C:\Windows\WinSxS\amd64_microsoft.windows.common-controls_6595b64144ccf1df_6.0.14393.2608_none_7ddacc7e8347078e\COMCTL32.dll
0x00007ffe22d90000 - 0x00007ffe23055000 	C:\Windows\System32\combase.dll
0x00007ffe20170000 - 0x00007ffe20265000 	C:\Windows\System32\ucrtbase.dll
0x00007ffe1fe90000 - 0x00007ffe1fefa000 	C:\Windows\System32\bcryptPrimitives.dll
0x00007ffe210c0000 - 0x00007ffe210ee000 	C:\Windows\System32\IMM32.DLL
0x000000006e6e0000 - 0x000000006e7b2000 	E:\JDK1.8\jre\bin\msvcr100.dll
0x000000006c900000 - 0x000000006d1a2000 	E:\JDK1.8\jre\bin\server\jvm.dll
0x00007ffe20440000 - 0x00007ffe20463000 	C:\Windows\System32\WINMM.dll
0x00007ffe1f550000 - 0x00007ffe1f57b000 	C:\Windows\System32\WINMMBASE.dll
0x00007ffe20510000 - 0x00007ffe20552000 	C:\Windows\System32\cfgmgr32.dll
0x00007ffe21050000 - 0x00007ffe21058000 	C:\Windows\System32\PSAPI.DLL
0x00007ffe185b0000 - 0x00007ffe185b9000 	C:\Windows\SYSTEM32\WSOCK32.dll
0x00007ffe22bc0000 - 0x00007ffe22c2a000 	C:\Windows\System32\WS2_32.dll
0x00007ffe1eac0000 - 0x00007ffe1eaca000 	C:\Windows\SYSTEM32\VERSION.dll
0x000000006e6d0000 - 0x000000006e6df000 	E:\JDK1.8\jre\bin\verify.dll
0x000000006e6a0000 - 0x000000006e6c9000 	E:\JDK1.8\jre\bin\java.dll
0x000000006e610000 - 0x000000006e633000 	E:\JDK1.8\jre\bin\instrument.dll
0x000000006e680000 - 0x000000006e696000 	E:\JDK1.8\jre\bin\zip.dll
0x00007ffe216b0000 - 0x00007ffe22bb5000 	C:\Windows\System32\SHELL32.dll
0x00007ffe1f590000 - 0x00007ffe1fc69000 	C:\Windows\System32\windows.storage.dll
0x00007ffe20120000 - 0x00007ffe2016c000 	C:\Windows\System32\powrprof.dll
0x00007ffe21100000 - 0x00007ffe21152000 	C:\Windows\System32\shlwapi.dll
0x00007ffe1f580000 - 0x00007ffe1f58f000 	C:\Windows\System32\kernel.appcore.dll
0x00007ffe20560000 - 0x00007ffe20609000 	C:\Windows\System32\shcore.dll
0x00007ffe1f530000 - 0x00007ffe1f544000 	C:\Windows\System32\profapi.dll
0x00007ffe1f090000 - 0x00007ffe1f0aa000 	C:\Program Files\JetBrains\IntelliJ IDEA 2018.2.2\bin\breakgen64.dll
0x000000006e660000 - 0x000000006e67a000 	E:\JDK1.8\jre\bin\net.dll
0x00007ffe1eb40000 - 0x00007ffe1eb9c000 	C:\Windows\system32\mswsock.dll
0x000000006e600000 - 0x000000006e60d000 	E:\JDK1.8\jre\bin\management.dll
0x000000006e640000 - 0x000000006e651000 	E:\JDK1.8\jre\bin\nio.dll
0x00007ffe10a20000 - 0x00007ffe10a36000 	C:\Windows\system32\napinsp.dll
0x00007ffe10a00000 - 0x00007ffe10a1a000 	C:\Windows\system32\pnrpnsp.dll
0x00007ffe1cf10000 - 0x00007ffe1cf28000 	C:\Windows\system32\NLAapi.dll
0x00007ffe1e840000 - 0x00007ffe1e8e1000 	C:\Windows\SYSTEM32\DNSAPI.dll
0x00007ffe20ee0000 - 0x00007ffe20ee8000 	C:\Windows\System32\NSI.dll
0x00007ffe1e800000 - 0x00007ffe1e838000 	C:\Windows\SYSTEM32\IPHLPAPI.DLL
0x00007ffe10a40000 - 0x00007ffe10a4e000 	C:\Windows\System32\winrnr.dll
0x00007ffe10a50000 - 0x00007ffe10a65000 	C:\Windows\System32\wshbth.dll
0x00007ffe1a910000 - 0x00007ffe1a91a000 	C:\Windows\System32\rasadhlp.dll
0x00007ffe1b170000 - 0x00007ffe1b1da000 	C:\Windows\System32\fwpuclnt.dll
0x00007ffe1ef80000 - 0x00007ffe1efab000 	C:\Windows\SYSTEM32\bcrypt.dll
0x00007ffe1efb0000 - 0x00007ffe1efc7000 	C:\Windows\SYSTEM32\CRYPTSP.dll
0x00007ffe1e680000 - 0x00007ffe1e6b3000 	C:\Windows\system32\rsaenh.dll
0x00007ffe1e8f0000 - 0x00007ffe1e90f000 	C:\Windows\SYSTEM32\USERENV.dll
0x00007ffe1ece0000 - 0x00007ffe1eceb000 	C:\Windows\SYSTEM32\CRYPTBASE.dll
0x00007ffe1b320000 - 0x00007ffe1b336000 	C:\Windows\SYSTEM32\dhcpcsvc6.DLL
0x00007ffe1b300000 - 0x00007ffe1b31a000 	C:\Windows\SYSTEM32\dhcpcsvc.DLL
0x000000006e5d0000 - 0x000000006e5f4000 	E:\JDK1.8\jre\bin\sunec.dll
0x000000006e5c0000 - 0x000000006e5cb000 	E:\JDK1.8\jre\bin\sunmscapi.dll
0x00007ffe20270000 - 0x00007ffe20439000 	C:\Windows\System32\CRYPT32.dll
0x00007ffe1f520000 - 0x00007ffe1f530000 	C:\Windows\System32\MSASN1.dll
0x00007ffe1b710000 - 0x00007ffe1b8a2000 	C:\Windows\SYSTEM32\dbghelp.dll

VM Arguments:
jvm_args: -XX:TieredStopAtLevel=1 -Xverify:none -Dspring.output.ansi.enabled=always -D -Dcom.sun.management.jmxremote -Dcom.sun.management.jmxremote.port=57623 -Dcom.sun.management.jmxremote.authenticate=false -Dcom.sun.management.jmxremote.ssl=false -Djava.rmi.server.hostname=localhost -Dspring.liveBeansView.mbeanDomain -Dspring.application.admin.enabled=true -javaagent:C:\Program Files\JetBrains\IntelliJ IDEA 2018.2.2\lib\idea_rt.jar=57624:C:\Program Files\JetBrains\IntelliJ IDEA 2018.2.2\bin -Dfile.encoding=UTF-8 
java_command: edu.nbut.project_manage.Application
java_class_path (initial): E:\JDK1.8\jre\lib\charsets.jar;E:\JDK1.8\jre\lib\deploy.jar;E:\JDK1.8\jre\lib\ext\access-bridge-64.jar;E:\JDK1.8\jre\lib\ext\cldrdata.jar;E:\JDK1.8\jre\lib\ext\dnsns.jar;E:\JDK1.8\jre\lib\ext\jaccess.jar;E:\JDK1.8\jre\lib\ext\jfxrt.jar;E:\JDK1.8\jre\lib\ext\localedata.jar;E:\JDK1.8\jre\lib\ext\nashorn.jar;E:\JDK1.8\jre\lib\ext\sunec.jar;E:\JDK1.8\jre\lib\ext\sunjce_provider.jar;E:\JDK1.8\jre\lib\ext\sunmscapi.jar;E:\JDK1.8\jre\lib\ext\sunpkcs11.jar;E:\JDK1.8\jre\lib\ext\zipfs.jar;E:\JDK1.8\jre\lib\javaws.jar;E:\JDK1.8\jre\lib\jce.jar;E:\JDK1.8\jre\lib\jfr.jar;E:\JDK1.8\jre\lib\jfxswt.jar;E:\JDK1.8\jre\lib\jsse.jar;E:\JDK1.8\jre\lib\management-agent.jar;E:\JDK1.8\jre\lib\plugin.jar;E:\JDK1.8\jre\lib\resources.jar;E:\JDK1.8\jre\lib\rt.jar;D:\SpringBootStudy\Thymeleaf\project_manage\target\classes;F:\Jar_Extentions\Maven\repository\org\springframework\boot\spring-boot-starter-web\1.5.9.RELEASE\spring-boot-starter-web-1.5.9.RELEASE.jar;F:\Jar_Extentions\Maven\repository\org\springframework\boot\spring-boot-starter\1.5.9.RELEASE\spring-boot-starter-1.5.9.RELEASE.jar;F:\Jar_Extentions\Maven\repository\org\springframework\boot\spring-boot-starter-logging\1.5.9.RELEASE\spring-boot-starter-logging-1.5.9.RELEASE.jar;F:\Jar_Extentions\Maven\repository\ch\qos\logback\logback-classic\1.1.11\logback-classic-1.1.11.jar;F:\Jar_Extentions\Maven\repository\ch\qos\logback\logback-core\1.1.11\logback-core-1.1.11.jar;F:\Jar_Extentions\Maven\repository\org\slf4j\jcl-over-slf4j\1.7.25\jcl-over-slf4j-1.7.25.jar;F:\Jar_Extentions\Maven\repository\org\slf4j\jul-to-slf4j\1.7.25\jul-to-slf4j-1.7.25.jar;F:\Jar_Extentions\Maven\repository\org\slf4j\log4j-over-slf4j\1.7.25\log4j-over-slf4j-1.7.25.jar;F:\Jar_Extentions\Maven\repository\org\springframework\spring-core\4.3.13.RELEASE\spring-core-4.3.13.RELEASE.jar;F:\Jar_Extentions\Maven\repository\org\yaml\snakeyaml\1.17\snakeyaml-1.17.jar;F:\Jar_Extentions\Maven\repository\org\hibernate\hibernate-validator\5.3.6.Final\
Launcher Type: SUN_STANDARD

Environment Variables:
JAVA_HOME=E:\JDK1.8
CLASSPATH=.;E:\JDK1.8\lib\dt.jar;E:\JDK1.8\lib\tools.jar
PATH=C:\Windows\system32;C:\Windows;C:\Windows\System32\Wbem;C:\Windows\System32\WindowsPowerShell\v1.0\;E:\JDK1.8\bin;E:\JDK1.8\jre\bin;F:\MySql5.5\bin;F:\Jar_Extentions\apache-maven-3.5.4\bin;E:\Microsoft SQL Server\120\DTS\Binn\;E:\Microsoft SQL Server\Client SDK\ODBC\110\Tools\Binn\;E:\Program Files (x86)\Microsoft SQL Server\120\Tools\Binn\;E:\Microsoft SQL Server\120\Tools\Binn\;E:\Program Files (x86)\Microsoft SQL Server\120\Tools\Binn\ManagementStudio\;E:\Program Files (x86)\Microsoft SQL Server\120\DTS\Binn\;E:\Git\cmd;E:\TortoiseGit\bin;C:\Program Files\MySQL\MySQL Utilities 1.6\;C:\Program Files\dotnet\;E:\Microsoft SQL Server\130\Tools\Binn\;C:\Program Files\nodejs\;F:\nodejs\X64\node_global;E:\Python3.7\Scripts\;E:\Python3.7\;C:\Users\IamCc\AppData\Local\Microsoft\WindowsApps;C:\Users\IamCc\AppData\Roaming\npm;C:\Programs\Microsoft VS Code\bin
USERNAME=IamCc
OS=Windows_NT
PROCESSOR_IDENTIFIER=Intel64 Family 6 Model 60 Stepping 3, GenuineIntel



---------------  S Y S T E M  ---------------

OS: Windows 10.0 , 64 bit Build 14393 (10.0.14393.2608)

CPU:total 4 (initial active 4) (2 cores per cpu, 2 threads per core) family 6 model 60 stepping 3, cmov, cx8, fxsr, mmx, sse, sse2, sse3, ssse3, sse4.1, sse4.2, popcnt, avx, avx2, aes, clmul, erms, lzcnt, ht, tsc, tscinvbit, bmi1, bmi2

Memory: 4k page, physical 8302956k(2329564k free), swap 14594412k(6780844k free)

vm_info: Java HotSpot(TM) 64-Bit Server VM (25.181-b13) for windows-amd64 JRE (1.8.0_181-b13), built on Jul  7 2018 04:01:33 by "java_re" with MS VC++ 10.0 (VS2010)

time: Fri Dec 21 11:38:56 2018
elapsed time: 1394 seconds (0d 0h 23m 14s)

